# JRE version: OpenJDK Runtime Environment (11.0.10) (build 11.0.10+0-b96-7249189)
# Java VM: OpenJDK 64-Bit Server VM (11.0.10+0-b96-7249189, mixed mode, tiered, compressed oops, g1 gc, windows-amd64)
Heap:
 garbage-first heap   total 260096K, used 180897K [0x0000000080000000, 0x0000000100000000)
  region size 1024K, 18 young (18432K), 4 survivors (4096K)
 Metaspace       used 132535K, capacity 136864K, committed 137164K, reserved 1167360K
  class space    used 16752K, capacity 18321K, committed 18380K, reserved 1048576K
GC Heap History (20 events):
Event: 69.854 GC heap before
{Heap before GC invocations=32 (full 0):
 garbage-first heap   total 260096K, used 218312K [0x0000000080000000, 0x0000000100000000)
  region size 1024K, 92 young (94208K), 6 survivors (6144K)
 Metaspace       used 111306K, capacity 114882K, committed 115020K, reserved 1148928K
  class space    used 14123K, capacity 15346K, committed 15436K, reserved 1048576K
}
Event: 69.868 GC heap after
{Heap after GC invocations=33 (full 0):
 garbage-first heap   total 260096K, used 138334K [0x0000000080000000, 0x0000000100000000)
  region size 1024K, 12 young (12288K), 12 survivors (12288K)
 Metaspace       used 111306K, capacity 114882K, committed 115020K, reserved 1148928K
  class space    used 14123K, capacity 15346K, committed 15436K, reserved 1048576K
}
Event: 69.888 GC heap before
{Heap before GC invocations=33 (full 0):
 garbage-first heap   total 260096K, used 139358K [0x0000000080000000, 0x0000000100000000)
  region size 1024K, 13 young (13312K), 12 survivors (12288K)
 Metaspace       used 111306K, capacity 114882K, committed 115020K, reserved 1148928K
  class space    used 14123K, capacity 15346K, committed 15436K, reserved 1048576K
}
Event: 69.900 GC heap after
{Heap after GC invocations=34 (full 0):
 garbage-first heap   total 260096K, used 131273K [0x0000000080000000, 0x0000000100000000)
  region size 1024K, 2 young (2048K), 2 survivors (2048K)
 Metaspace       used 111306K, capacity 114882K, committed 115020K, reserved 1148928K
  class space    used 14123K, capacity 15346K, committed 15436K, reserved 1048576K
}
Event: 71.501 GC heap before
{Heap before GC invocations=34 (full 0):
 garbage-first heap   total 260096K, used 217289K [0x0000000080000000, 0x0000000100000000)
  region size 1024K, 85 young (87040K), 2 survivors (2048K)
 Metaspace       used 111774K, capacity 115219K, committed 115532K, reserved 1148928K
  class space    used 14161K, capacity 15351K, committed 15436K, reserved 1048576K
}
Event: 71.508 GC heap after
{Heap after GC invocations=35 (full 0):
 garbage-first heap   total 260096K, used 133814K [0x0000000080000000, 0x0000000100000000)
  region size 1024K, 3 young (3072K), 3 survivors (3072K)
 Metaspace       used 111774K, capacity 115219K, committed 115532K, reserved 1148928K
  class space    used 14161K, capacity 15351K, committed 15436K, reserved 1048576K
}
Event: 73.178 GC heap before
{Heap before GC invocations=36 (full 0):
 garbage-first heap   total 260096K, used 217782K [0x0000000080000000, 0x0000000100000000)
  region size 1024K, 85 young (87040K), 3 survivors (3072K)
 Metaspace       used 111784K, capacity 115315K, committed 115532K, reserved 1148928K
  class space    used 14163K, capacity 15383K, committed 15436K, reserved 1048576K
}
Event: 73.186 GC heap after
{Heap after GC invocations=37 (full 0):
 garbage-first heap   total 260096K, used 134250K [0x0000000080000000, 0x0000000100000000)
  region size 1024K, 3 young (3072K), 3 survivors (3072K)
 Metaspace       used 111784K, capacity 115315K, committed 115532K, reserved 1148928K
  class space    used 14163K, capacity 15383K, committed 15436K, reserved 1048576K
}
Event: 73.253 GC heap before
{Heap before GC invocations=37 (full 0):
 garbage-first heap   total 260096K, used 143466K [0x0000000080000000, 0x0000000100000000)
  region size 1024K, 12 young (12288K), 3 survivors (3072K)
 Metaspace       used 111788K, capacity 115315K, committed 115532K, reserved 1148928K
  class space    used 14163K, capacity 15383K, committed 15436K, reserved 1048576K
}
Event: 73.258 GC heap after
{Heap after GC invocations=38 (full 0):
 garbage-first heap   total 260096K, used 133549K [0x0000000080000000, 0x0000000100000000)
  region size 1024K, 1 young (1024K), 1 survivors (1024K)
 Metaspace       used 111788K, capacity 115315K, committed 115532K, reserved 1148928K
  class space    used 14163K, capacity 15383K, committed 15436K, reserved 1048576K
}
Event: 74.747 GC heap before
{Heap before GC invocations=38 (full 0):
 garbage-first heap   total 260096K, used 220589K [0x0000000080000000, 0x0000000100000000)
  region size 1024K, 87 young (89088K), 1 survivors (1024K)
 Metaspace       used 117776K, capacity 121387K, committed 121548K, reserved 1155072K
  class space    used 14952K, capacity 16236K, committed 16332K, reserved 1048576K
}
Event: 74.752 GC heap after
{Heap after GC invocations=39 (full 0):
 garbage-first heap   total 260096K, used 133261K [0x0000000080000000, 0x0000000100000000)
  region size 1024K, 3 young (3072K), 3 survivors (3072K)
 Metaspace       used 117776K, capacity 121387K, committed 121548K, reserved 1155072K
  class space    used 14952K, capacity 16236K, committed 16332K, reserved 1048576K
}
Event: 79.274 GC heap before
{Heap before GC invocations=39 (full 0):
 garbage-first heap   total 260096K, used 223373K [0x0000000080000000, 0x0000000100000000)
  region size 1024K, 89 young (91136K), 3 survivors (3072K)
 Metaspace       used 121330K, capacity 125086K, committed 125388K, reserved 1159168K
  class space    used 15220K, capacity 16536K, committed 16588K, reserved 1048576K
}
Event: 79.294 GC heap after
{Heap after GC invocations=40 (full 0):
 garbage-first heap   total 260096K, used 149845K [0x0000000080000000, 0x0000000100000000)
  region size 1024K, 12 young (12288K), 12 survivors (12288K)
 Metaspace       used 121330K, capacity 125086K, committed 125388K, reserved 1159168K
  class space    used 15220K, capacity 16536K, committed 16588K, reserved 1048576K
}
Event: 82.675 GC heap before
{Heap before GC invocations=40 (full 0):
 garbage-first heap   total 260096K, used 221525K [0x0000000080000000, 0x0000000100000000)
  region size 1024K, 79 young (80896K), 12 survivors (12288K)
 Metaspace       used 123092K, capacity 126905K, committed 127180K, reserved 1159168K
  class space    used 15419K, capacity 16744K, committed 16844K, reserved 1048576K
}
Event: 82.693 GC heap after
{Heap after GC invocations=41 (full 0):
 garbage-first heap   total 260096K, used 155223K [0x0000000080000000, 0x0000000100000000)
  region size 1024K, 10 young (10240K), 10 survivors (10240K)
 Metaspace       used 123092K, capacity 126905K, committed 127180K, reserved 1159168K
  class space    used 15419K, capacity 16744K, committed 16844K, reserved 1048576K
}
Event: 84.677 GC heap before
{Heap before GC invocations=41 (full 0):
 garbage-first heap   total 260096K, used 214615K [0x0000000080000000, 0x0000000100000000)
  region size 1024K, 69 young (70656K), 10 survivors (10240K)
 Metaspace       used 128992K, capacity 132965K, committed 133068K, reserved 1165312K
  class space    used 16333K, capacity 17773K, committed 17868K, reserved 1048576K
}
Event: 84.703 GC heap after
{Heap after GC invocations=42 (full 0):
 garbage-first heap   total 260096K, used 163709K [0x0000000080000000, 0x0000000100000000)
  region size 1024K, 9 young (9216K), 9 survivors (9216K)
 Metaspace       used 128992K, capacity 132965K, committed 133068K, reserved 1165312K
  class space    used 16333K, capacity 17773K, committed 17868K, reserved 1048576K
}
Event: 86.162 GC heap before
{Heap before GC invocations=42 (full 0):
 garbage-first heap   total 260096K, used 216957K [0x0000000080000000, 0x0000000100000000)
  region size 1024K, 61 young (62464K), 9 survivors (9216K)
 Metaspace       used 131899K, capacity 136158K, committed 136268K, reserved 1167360K
  class space    used 16673K, capacity 18222K, committed 18252K, reserved 1048576K
}
Event: 86.178 GC heap after
{Heap after GC invocations=43 (full 0):
 garbage-first heap   total 260096K, used 166561K [0x0000000080000000, 0x0000000100000000)
  region size 1024K, 4 young (4096K), 4 survivors (4096K)
 Metaspace       used 131899K, capacity 136158K, committed 136268K, reserved 1167360K
  class space    used 16673K, capacity 18222K, committed 18252K, reserved 1048576K
}

