# JRE version: OpenJDK Runtime Environment (11.0.10) (build 11.0.10+0-b96-7249189)
# Java VM: OpenJDK 64-Bit Server VM (11.0.10+0-b96-7249189, mixed mode, tiered, compressed oops, g1 gc, windows-amd64)
Heap:
 garbage-first heap   total 260096K, used 111086K [0x0000000080000000, 0x0000000100000000)
  region size 1024K, 11 young (11264K), 2 survivors (2048K)
 Metaspace       used 127662K, capacity 132377K, committed 132568K, reserved 1165312K
  class space    used 15596K, capacity 17272K, committed 17368K, reserved 1048576K
GC Heap History (20 events):
Event: 2626.846 GC heap before
{Heap before GC invocations=112 (full 0):
 garbage-first heap   total 260096K, used 132765K [0x0000000080000000, 0x0000000100000000)
  region size 1024K, 12 young (12288K), 1 survivors (1024K)
 Metaspace       used 127387K, capacity 132044K, committed 132312K, reserved 1165312K
  class space    used 15590K, capacity 17270K, committed 17368K, reserved 1048576K
}
Event: 2626.859 GC heap after
{Heap after GC invocations=113 (full 0):
 garbage-first heap   total 260096K, used 122211K [0x0000000080000000, 0x0000000100000000)
  region size 1024K, 2 young (2048K), 2 survivors (2048K)
 Metaspace       used 127387K, capacity 132044K, committed 132312K, reserved 1165312K
  class space    used 15590K, capacity 17270K, committed 17368K, reserved 1048576K
}
Event: 2626.881 GC heap before
{Heap before GC invocations=113 (full 0):
 garbage-first heap   total 260096K, used 126307K [0x0000000080000000, 0x0000000100000000)
  region size 1024K, 7 young (7168K), 2 survivors (2048K)
 Metaspace       used 127387K, capacity 132044K, committed 132312K, reserved 1165312K
  class space    used 15590K, capacity 17270K, committed 17368K, reserved 1048576K
}
Event: 2626.887 GC heap after
{Heap after GC invocations=114 (full 0):
 garbage-first heap   total 260096K, used 123235K [0x0000000080000000, 0x0000000100000000)
  region size 1024K, 3 young (3072K), 3 survivors (3072K)
 Metaspace       used 127387K, capacity 132044K, committed 132312K, reserved 1165312K
  class space    used 15590K, capacity 17270K, committed 17368K, reserved 1048576K
}
Event: 2627.285 GC heap before
{Heap before GC invocations=115 (full 0):
 garbage-first heap   total 260096K, used 182627K [0x0000000080000000, 0x0000000100000000)
  region size 1024K, 56 young (57344K), 3 survivors (3072K)
 Metaspace       used 127411K, capacity 132044K, committed 132312K, reserved 1165312K
  class space    used 15590K, capacity 17270K, committed 17368K, reserved 1048576K
}
Event: 2627.293 GC heap after
{Heap after GC invocations=116 (full 0):
 garbage-first heap   total 260096K, used 126097K [0x0000000080000000, 0x0000000100000000)
  region size 1024K, 6 young (6144K), 6 survivors (6144K)
 Metaspace       used 127411K, capacity 132044K, committed 132312K, reserved 1165312K
  class space    used 15590K, capacity 17270K, committed 17368K, reserved 1048576K
}
Event: 2627.309 GC heap before
{Heap before GC invocations=116 (full 0):
 garbage-first heap   total 260096K, used 132241K [0x0000000080000000, 0x0000000100000000)
  region size 1024K, 12 young (12288K), 6 survivors (6144K)
 Metaspace       used 127411K, capacity 132044K, committed 132312K, reserved 1165312K
  class space    used 15590K, capacity 17270K, committed 17368K, reserved 1048576K
}
Event: 2627.325 GC heap after
{Heap after GC invocations=117 (full 0):
 garbage-first heap   total 260096K, used 117826K [0x0000000080000000, 0x0000000100000000)
  region size 1024K, 1 young (1024K), 1 survivors (1024K)
 Metaspace       used 127411K, capacity 132044K, committed 132312K, reserved 1165312K
  class space    used 15590K, capacity 17270K, committed 17368K, reserved 1048576K
}
Event: 2627.450 GC heap before
{Heap before GC invocations=117 (full 0):
 garbage-first heap   total 260096K, used 156738K [0x0000000080000000, 0x0000000100000000)
  region size 1024K, 40 young (40960K), 1 survivors (1024K)
 Metaspace       used 127413K, capacity 132044K, committed 132312K, reserved 1165312K
  class space    used 15590K, capacity 17270K, committed 17368K, reserved 1048576K
}
Event: 2627.458 GC heap after
{Heap after GC invocations=118 (full 0):
 garbage-first heap   total 260096K, used 121507K [0x0000000080000000, 0x0000000100000000)
  region size 1024K, 5 young (5120K), 5 survivors (5120K)
 Metaspace       used 127413K, capacity 132044K, committed 132312K, reserved 1165312K
  class space    used 15590K, capacity 17270K, committed 17368K, reserved 1048576K
}
Event: 2627.760 GC heap before
{Heap before GC invocations=119 (full 0):
 garbage-first heap   total 260096K, used 199331K [0x0000000080000000, 0x0000000100000000)
  region size 1024K, 67 young (68608K), 5 survivors (5120K)
 Metaspace       used 127473K, capacity 132111K, committed 132312K, reserved 1165312K
  class space    used 15590K, capacity 17270K, committed 17368K, reserved 1048576K
}
Event: 2627.768 GC heap after
{Heap after GC invocations=120 (full 0):
 garbage-first heap   total 260096K, used 123092K [0x0000000080000000, 0x0000000100000000)
  region size 1024K, 6 young (6144K), 6 survivors (6144K)
 Metaspace       used 127473K, capacity 132111K, committed 132312K, reserved 1165312K
  class space    used 15590K, capacity 17270K, committed 17368K, reserved 1048576K
}
Event: 2627.787 GC heap before
{Heap before GC invocations=120 (full 0):
 garbage-first heap   total 260096K, used 128212K [0x0000000080000000, 0x0000000100000000)
  region size 1024K, 12 young (12288K), 6 survivors (6144K)
 Metaspace       used 127473K, capacity 132111K, committed 132312K, reserved 1165312K
  class space    used 15590K, capacity 17270K, committed 17368K, reserved 1048576K
}
Event: 2627.795 GC heap after
{Heap after GC invocations=121 (full 0):
 garbage-first heap   total 260096K, used 123334K [0x0000000080000000, 0x0000000100000000)
  region size 1024K, 2 young (2048K), 2 survivors (2048K)
 Metaspace       used 127473K, capacity 132111K, committed 132312K, reserved 1165312K
  class space    used 15590K, capacity 17270K, committed 17368K, reserved 1048576K
}
Event: 2628.070 GC heap before
{Heap before GC invocations=121 (full 0):
 garbage-first heap   total 260096K, used 188870K [0x0000000080000000, 0x0000000100000000)
  region size 1024K, 67 young (68608K), 2 survivors (2048K)
 Metaspace       used 127554K, capacity 132303K, committed 132568K, reserved 1165312K
  class space    used 15590K, capacity 17270K, committed 17368K, reserved 1048576K
}
Event: 2628.074 GC heap after
{Heap after GC invocations=122 (full 0):
 garbage-first heap   total 260096K, used 123904K [0x0000000080000000, 0x0000000100000000)
  region size 1024K, 2 young (2048K), 2 survivors (2048K)
 Metaspace       used 127554K, capacity 132303K, committed 132568K, reserved 1165312K
  class space    used 15590K, capacity 17270K, committed 17368K, reserved 1048576K
}
Event: 2635.074 GC heap before
{Heap before GC invocations=123 (full 0):
 garbage-first heap   total 260096K, used 188416K [0x0000000080000000, 0x0000000100000000)
  region size 1024K, 72 young (73728K), 2 survivors (2048K)
 Metaspace       used 127618K, capacity 132310K, committed 132568K, reserved 1165312K
  class space    used 15592K, capacity 17271K, committed 17368K, reserved 1048576K
}
Event: 2635.083 GC heap after
{Heap after GC invocations=124 (full 0):
 garbage-first heap   total 260096K, used 123758K [0x0000000080000000, 0x0000000100000000)
  region size 1024K, 8 young (8192K), 8 survivors (8192K)
 Metaspace       used 127618K, capacity 132310K, committed 132568K, reserved 1165312K
  class space    used 15592K, capacity 17271K, committed 17368K, reserved 1048576K
}
Event: 2635.134 GC heap before
{Heap before GC invocations=124 (full 0):
 garbage-first heap   total 260096K, used 126830K [0x0000000080000000, 0x0000000100000000)
  region size 1024K, 12 young (12288K), 8 survivors (8192K)
 Metaspace       used 127650K, capacity 132377K, committed 132568K, reserved 1165312K
  class space    used 15596K, capacity 17272K, committed 17368K, reserved 1048576K
}
Event: 2635.153 GC heap after
{Heap after GC invocations=125 (full 0):
 garbage-first heap   total 260096K, used 103918K [0x0000000080000000, 0x0000000100000000)
  region size 1024K, 2 young (2048K), 2 survivors (2048K)
 Metaspace       used 127650K, capacity 132377K, committed 132568K, reserved 1165312K
  class space    used 15596K, capacity 17272K, committed 17368K, reserved 1048576K
}

